Using pre-set license
Built from '2020.3/staging' branch; Version is '2020.3.3f1 (76626098c1c4) revision 7758432'; Using compiler version '192528614'; Build Type 'Release'
OS: 'Windows 10 Enterprise 2016 LTSB; OS build 14393.4467; Version 1607; 64bit' Language: 'ru' Physical Memory: 16365 MB
BatchMode: 1, IsHumanControllingUs: 0, StartBugReporterOnCrash: 0, Is64bit: 1, IsPro: 0

 COMMAND LINE ARGUMENTS:
C:\Program Files\Unity\Hub\Editor\2020.3.3f1\Editor\Unity.exe
-adb2
-batchMode
-noUpm
-name
AssetImportWorker0
-projectPath
P:/Unity_Asset/ijunior_baseLevel/10_CreateNewEnemy/10_CreateNewEnemy/10_CreateNewEnemy
-logFile
Logs/AssetImportWorker0.log
-srvPort
51000
Successfully changed project path to: P:/Unity_Asset/ijunior_baseLevel/10_CreateNewEnemy/10_CreateNewEnemy/10_CreateNewEnemy
P:/Unity_Asset/ijunior_baseLevel/10_CreateNewEnemy/10_CreateNewEnemy/10_CreateNewEnemy
Using Asset Import Pipeline V2.
Refreshing native plugins compatible for Editor in 56.47 ms, found 1 plugins.
Preloading 0 native plugins for Editor in 0.00 ms.
Initialize engine version: 2020.3.3f1 (76626098c1c4)
[Subsystems] Discovering subsystems at path C:/Program Files/Unity/Hub/Editor/2020.3.3f1/Editor/Data/Resources/UnitySubsystems
[Subsystems] Discovering subsystems at path P:/Unity_Asset/ijunior_baseLevel/10_CreateNewEnemy/10_CreateNewEnemy/10_CreateNewEnemy/Assets
GfxDevice: creating device client; threaded=0
Direct3D:
    Version:  Direct3D 11.0 [level 11.1]
    Renderer: NVIDIA GeForce GTX 1070 (ID=0x1b81)
    Vendor:   
    VRAM:     8092 MB
    Driver:   27.21.14.6677
Initialize mono
Mono path[0] = 'C:/Program Files/Unity/Hub/Editor/2020.3.3f1/Editor/Data/Managed'
Mono path[1] = 'C:/Program Files/Unity/Hub/Editor/2020.3.3f1/Editor/Data/MonoBleedingEdge/lib/mono/unityjit'
Mono config path = 'C:/Program Files/Unity/Hub/Editor/2020.3.3f1/Editor/Data/MonoBleedingEdge/etc'
Using monoOptions --debugger-agent=transport=dt_socket,embedding=1,server=y,suspend=n,address=127.0.0.1:56104
Begin MonoManager ReloadAssembly
Registering precompiled unity dll's ...
Register platform support module: C:/Program Files/Unity/Hub/Editor/2020.3.3f1/Editor/Data/PlaybackEngines/WebGLSupport/UnityEditor.WebGL.Extensions.dll
Register platform support module: C:/Program Files/Unity/Hub/Editor/2020.3.3f1/Editor/Data/PlaybackEngines/WindowsStandaloneSupport/UnityEditor.WindowsStandalone.Extensions.dll
Registered in 0.003644 seconds.
Native extension for WindowsStandalone target not found
Native extension for WebGL target not found
Refreshing native plugins compatible for Editor in 57.24 ms, found 1 plugins.
Preloading 0 native plugins for Editor in 0.00 ms.
Invoked RoslynAnalysisRunner static constructor.
RoslynAnalysisRunner will not be running.
RoslynAnalysisRunner has terminated.
Mono: successfully reloaded assembly
- Completed reload, in  4.670 seconds
Platform modules already initialized, skipping
Registering precompiled user dll's ...
Registered in 0.004489 seconds.
Begin MonoManager ReloadAssembly
Native extension for WindowsStandalone target not found
Native extension for WebGL target not found
Refreshing native plugins compatible for Editor in 61.24 ms, found 1 plugins.
Preloading 0 native plugins for Editor in 0.00 ms.
Invoked RoslynAnalysisRunner static constructor.
RoslynAnalysisRunner will not be running.
RoslynAnalysisRunner has terminated.
Mono: successfully reloaded assembly
- Completed reload, in  1.531 seconds
Platform modules already initialized, skipping
========================================================================
Worker process is ready to serve import requests
Launched and connected shader compiler UnityShaderCompiler.exe after 0.07 seconds
Refreshing native plugins compatible for Editor in 0.75 ms, found 1 plugins.
Preloading 0 native plugins for Editor in 0.00 ms.
Unloading 1838 Unused Serialized files (Serialized files now loaded: 0)
System memory in use before: 88.0 MB.
System memory in use after: 88.1 MB.

Unloading 19 unused Assets to reduce memory usage. Loaded Objects now: 2286.
Total: 3.046370 ms (FindLiveObjects: 0.202031 ms CreateObjectMapping: 0.099064 ms MarkObjects: 2.625498 ms  DeleteObjects: 0.116776 ms)

========================================================================
Received Import Request.
  path: Assets/Scripts/Spawner.cs
  artifactKey: Guid(e4ea705b7bcdb084888b9e02e509c779) Importer(815301076,1909f56bfc062723c751e8b465ee728b)
Start importing Assets/Scripts/Spawner.cs using Guid(e4ea705b7bcdb084888b9e02e509c779) Importer(815301076,1909f56bfc062723c751e8b465ee728b)  -> (artifact id: '6e55867111b3df7eec4859ec2775c47e') in 0.090249 seconds
  Import took 0.095159 seconds .

========================================================================
Received Prepare
Refreshing native plugins compatible for Editor in 5.42 ms, found 1 plugins.
Preloading 0 native plugins for Editor in 0.00 ms.
Unloading 7 Unused Serialized files (Serialized files now loaded: 0)
System memory in use before: 49.6 MB.
System memory in use after: 49.8 MB.

Unloading 7 unused Assets to reduce memory usage. Loaded Objects now: 2286.
Total: 4.796201 ms (FindLiveObjects: 0.307099 ms CreateObjectMapping: 0.093360 ms MarkObjects: 4.369025 ms  DeleteObjects: 0.024316 ms)

========================================================================
Received Prepare
Registering precompiled user dll's ...
Registered in 0.002984 seconds.
Begin MonoManager ReloadAssembly
Native extension for WindowsStandalone target not found
Native extension for WebGL target not found
Refreshing native plugins compatible for Editor in 0.53 ms, found 1 plugins.
Preloading 0 native plugins for Editor in 0.00 ms.
Invoked RoslynAnalysisRunner static constructor.
RoslynAnalysisRunner will not be running.
RoslynAnalysisRunner has terminated.
Mono: successfully reloaded assembly
- Completed reload, in  1.094 seconds
Platform modules already initialized, skipping
Refreshing native plugins compatible for Editor in 0.58 ms, found 1 plugins.
Preloading 0 native plugins for Editor in 0.00 ms.
Unloading 1815 Unused Serialized files (Serialized files now loaded: 0)
System memory in use before: 86.2 MB.
System memory in use after: 86.3 MB.

Unloading 9 unused Assets to reduce memory usage. Loaded Objects now: 2289.
Total: 2.228641 ms (FindLiveObjects: 0.200830 ms CreateObjectMapping: 0.066943 ms MarkObjects: 1.914038 ms  DeleteObjects: 0.038125 ms)

========================================================================
Received Prepare
Registering precompiled user dll's ...
Registered in 0.003315 seconds.
Begin MonoManager ReloadAssembly
Native extension for WindowsStandalone target not found
Native extension for WebGL target not found
Refreshing native plugins compatible for Editor in 0.90 ms, found 1 plugins.
Preloading 0 native plugins for Editor in 0.00 ms.
Invoked RoslynAnalysisRunner static constructor.
RoslynAnalysisRunner will not be running.
RoslynAnalysisRunner has terminated.
Mono: successfully reloaded assembly
- Completed reload, in  1.229 seconds
Platform modules already initialized, skipping
Refreshing native plugins compatible for Editor in 0.51 ms, found 1 plugins.
Preloading 0 native plugins for Editor in 0.00 ms.
Unloading 1815 Unused Serialized files (Serialized files now loaded: 0)
System memory in use before: 86.2 MB.
System memory in use after: 86.4 MB.

Unloading 9 unused Assets to reduce memory usage. Loaded Objects now: 2292.
Total: 2.067137 ms (FindLiveObjects: 0.168109 ms CreateObjectMapping: 0.067544 ms MarkObjects: 1.798763 ms  DeleteObjects: 0.031520 ms)

========================================================================
Received Prepare
Registering precompiled user dll's ...
Registered in 0.002972 seconds.
Begin MonoManager ReloadAssembly
Native extension for WindowsStandalone target not found
Native extension for WebGL target not found
Refreshing native plugins compatible for Editor in 0.50 ms, found 1 plugins.
Preloading 0 native plugins for Editor in 0.00 ms.
Invoked RoslynAnalysisRunner static constructor.
RoslynAnalysisRunner will not be running.
RoslynAnalysisRunner has terminated.
Mono: successfully reloaded assembly
- Completed reload, in  1.086 seconds
Platform modules already initialized, skipping
Refreshing native plugins compatible for Editor in 0.50 ms, found 1 plugins.
Preloading 0 native plugins for Editor in 0.00 ms.
Unloading 1815 Unused Serialized files (Serialized files now loaded: 0)
System memory in use before: 86.3 MB.
System memory in use after: 86.4 MB.

Unloading 9 unused Assets to reduce memory usage. Loaded Objects now: 2295.
Total: 2.167401 ms (FindLiveObjects: 0.171411 ms CreateObjectMapping: 0.065743 ms MarkObjects: 1.903831 ms  DeleteObjects: 0.025216 ms)

========================================================================
Received Prepare
Registering precompiled user dll's ...
Registered in 0.003012 seconds.
Begin MonoManager ReloadAssembly
Native extension for WindowsStandalone target not found
Native extension for WebGL target not found
Refreshing native plugins compatible for Editor in 0.51 ms, found 1 plugins.
Preloading 0 native plugins for Editor in 0.00 ms.
Invoked RoslynAnalysisRunner static constructor.
RoslynAnalysisRunner will not be running.
RoslynAnalysisRunner has terminated.
Mono: successfully reloaded assembly
- Completed reload, in  1.215 seconds
Platform modules already initialized, skipping
Refreshing native plugins compatible for Editor in 0.59 ms, found 1 plugins.
Preloading 0 native plugins for Editor in 0.00 ms.
Unloading 1815 Unused Serialized files (Serialized files now loaded: 0)
System memory in use before: 86.3 MB.
System memory in use after: 86.4 MB.

Unloading 9 unused Assets to reduce memory usage. Loaded Objects now: 2298.
Total: 2.399151 ms (FindLiveObjects: 0.183118 ms CreateObjectMapping: 0.080452 ms MarkObjects: 2.107963 ms  DeleteObjects: 0.025817 ms)

========================================================================
Received Prepare
Registering precompiled user dll's ...
Registered in 0.002902 seconds.
Begin MonoManager ReloadAssembly
Native extension for WindowsStandalone target not found
Native extension for WebGL target not found
Refreshing native plugins compatible for Editor in 0.52 ms, found 1 plugins.
Preloading 0 native plugins for Editor in 0.00 ms.
Invoked RoslynAnalysisRunner static constructor.
RoslynAnalysisRunner will not be running.
RoslynAnalysisRunner has terminated.
Mono: successfully reloaded assembly
- Completed reload, in  1.063 seconds
Platform modules already initialized, skipping
Refreshing native plugins compatible for Editor in 0.51 ms, found 1 plugins.
Preloading 0 native plugins for Editor in 0.00 ms.
Unloading 1815 Unused Serialized files (Serialized files now loaded: 0)
System memory in use before: 86.3 MB.
System memory in use after: 86.4 MB.

Unloading 9 unused Assets to reduce memory usage. Loaded Objects now: 2301.
Total: 2.059031 ms (FindLiveObjects: 0.170510 ms CreateObjectMapping: 0.068144 ms MarkObjects: 1.787056 ms  DeleteObjects: 0.032121 ms)

========================================================================
Received Prepare
Registering precompiled user dll's ...
Registered in 0.002991 seconds.
Begin MonoManager ReloadAssembly
Native extension for WindowsStandalone target not found
Native extension for WebGL target not found
Refreshing native plugins compatible for Editor in 0.49 ms, found 1 plugins.
Preloading 0 native plugins for Editor in 0.00 ms.
Invoked RoslynAnalysisRunner static constructor.
RoslynAnalysisRunner will not be running.
RoslynAnalysisRunner has terminated.
Mono: successfully reloaded assembly
- Completed reload, in  1.051 seconds
Platform modules already initialized, skipping
Refreshing native plugins compatible for Editor in 0.72 ms, found 1 plugins.
Preloading 0 native plugins for Editor in 0.00 ms.
Unloading 1815 Unused Serialized files (Serialized files now loaded: 0)
System memory in use before: 86.3 MB.
System memory in use after: 86.4 MB.

Unloading 9 unused Assets to reduce memory usage. Loaded Objects now: 2304.
Total: 2.279074 ms (FindLiveObjects: 0.196027 ms CreateObjectMapping: 0.071446 ms MarkObjects: 1.974677 ms  DeleteObjects: 0.034522 ms)

========================================================================
Received Import Request.
  Time since last request: 391.533527 seconds.
  path: Assets/Scripts/Shop/WeaponView.cs
  artifactKey: Guid(e88a5b23b10f5c94a8b537d6174afaec) Importer(815301076,1909f56bfc062723c751e8b465ee728b)
Start importing Assets/Scripts/Shop/WeaponView.cs using Guid(e88a5b23b10f5c94a8b537d6174afaec) Importer(815301076,1909f56bfc062723c751e8b465ee728b)  -> (artifact id: 'a539c464bd6d1e4031e773687459d881') in 0.008166 seconds
  Import took 0.012417 seconds .

========================================================================
Received Import Request.
  Time since last request: 0.007158 seconds.
  path: Assets/Scripts/Shop/WeaponView.cs
  artifactKey: Guid(e88a5b23b10f5c94a8b537d6174afaec) Importer(815301076,1909f56bfc062723c751e8b465ee728b)
Start importing Assets/Scripts/Shop/WeaponView.cs using Guid(e88a5b23b10f5c94a8b537d6174afaec) Importer(815301076,1909f56bfc062723c751e8b465ee728b)  -> (artifact id: 'a539c464bd6d1e4031e773687459d881') in 0.003863 seconds
  Import took 0.007765 seconds .

========================================================================
Received Import Request.
  Time since last request: 26.622119 seconds.
  path: Assets/Prefabs/Weapon.prefab
  artifactKey: Guid(42eb5e8ebdc121a419a3d2d5f99a6d2b) Importer(815301076,1909f56bfc062723c751e8b465ee728b)
Start importing Assets/Prefabs/Weapon.prefab using Guid(42eb5e8ebdc121a419a3d2d5f99a6d2b) Importer(815301076,1909f56bfc062723c751e8b465ee728b)  -> (artifact id: 'b746b0785de71bd6abff7ee9e8326b0c') in 0.131790 seconds
  Import took 0.135791 seconds .

========================================================================
Received Prepare
Registering precompiled user dll's ...
Registered in 0.002949 seconds.
Begin MonoManager ReloadAssembly
Native extension for WindowsStandalone target not found
Native extension for WebGL target not found
Refreshing native plugins compatible for Editor in 0.50 ms, found 1 plugins.
Preloading 0 native plugins for Editor in 0.00 ms.
Invoked RoslynAnalysisRunner static constructor.
RoslynAnalysisRunner will not be running.
RoslynAnalysisRunner has terminated.
Mono: successfully reloaded assembly
- Completed reload, in  1.082 seconds
Platform modules already initialized, skipping
Refreshing native plugins compatible for Editor in 0.50 ms, found 1 plugins.
Preloading 0 native plugins for Editor in 0.00 ms.
Unloading 1815 Unused Serialized files (Serialized files now loaded: 0)
System memory in use before: 86.3 MB.
System memory in use after: 86.4 MB.

Unloading 9 unused Assets to reduce memory usage. Loaded Objects now: 2307.
Total: 2.215733 ms (FindLiveObjects: 0.262970 ms CreateObjectMapping: 0.070846 ms MarkObjects: 1.862104 ms  DeleteObjects: 0.018612 ms)

========================================================================
Received Import Request.
  Time since last request: 377.941565 seconds.
  path: Assets/Prefabs/Bullet_BarrelMid.prefab
  artifactKey: Guid(c9eb29a4610388d47af892eb210871b6) Importer(815301076,1909f56bfc062723c751e8b465ee728b)
Start importing Assets/Prefabs/Bullet_BarrelMid.prefab using Guid(c9eb29a4610388d47af892eb210871b6) Importer(815301076,1909f56bfc062723c751e8b465ee728b)  -> (artifact id: 'e9c5f2fc7226fec744098b68053993e0') in 0.114465 seconds
  Import took 0.118851 seconds .

========================================================================
Received Import Request.
  Time since last request: 0.010233 seconds.
  path: Assets/Prefabs/Bullet_BarrelMid.prefab
  artifactKey: Guid(c9eb29a4610388d47af892eb210871b6) Importer(815301076,1909f56bfc062723c751e8b465ee728b)
Start importing Assets/Prefabs/Bullet_BarrelMid.prefab using Guid(c9eb29a4610388d47af892eb210871b6) Importer(815301076,1909f56bfc062723c751e8b465ee728b)  -> (artifact id: 'e9c5f2fc7226fec744098b68053993e0') in 0.013416 seconds
  Import took 0.017666 seconds .

========================================================================
Received Import Request.
  Time since last request: 3.253641 seconds.
  path: Assets/Prefabs/BarrelMid.prefab
  artifactKey: Guid(fa0b4911df55de243adb308e09a5f291) Importer(815301076,1909f56bfc062723c751e8b465ee728b)
Start importing Assets/Prefabs/BarrelMid.prefab using Guid(fa0b4911df55de243adb308e09a5f291) Importer(815301076,1909f56bfc062723c751e8b465ee728b)  -> (artifact id: 'dba90e38f5d6f306a4d8e62002c27824') in 0.014163 seconds
  Import took 0.018707 seconds .

========================================================================
Received Prepare
Registering precompiled user dll's ...
Registered in 0.002954 seconds.
Begin MonoManager ReloadAssembly
Native extension for WindowsStandalone target not found
Native extension for WebGL target not found
Refreshing native plugins compatible for Editor in 0.51 ms, found 1 plugins.
Preloading 0 native plugins for Editor in 0.00 ms.
Invoked RoslynAnalysisRunner static constructor.
RoslynAnalysisRunner will not be running.
RoslynAnalysisRunner has terminated.
Mono: successfully reloaded assembly
- Completed reload, in  1.175 seconds
Platform modules already initialized, skipping
Refreshing native plugins compatible for Editor in 0.53 ms, found 1 plugins.
Preloading 0 native plugins for Editor in 0.00 ms.
Unloading 1815 Unused Serialized files (Serialized files now loaded: 0)
System memory in use before: 89.4 MB.
System memory in use after: 89.6 MB.

Unloading 9 unused Assets to reduce memory usage. Loaded Objects now: 2317.
Total: 2.066236 ms (FindLiveObjects: 0.168709 ms CreateObjectMapping: 0.068144 ms MarkObjects: 1.803266 ms  DeleteObjects: 0.024916 ms)

========================================================================
Received Import Request.
  Time since last request: 5.904387 seconds.
  path: Assets/Prefabs/BarrelRedSmall.prefab
  artifactKey: Guid(dfa1ecf8276805540a0ebec529a3704b) Importer(815301076,1909f56bfc062723c751e8b465ee728b)
Start importing Assets/Prefabs/BarrelRedSmall.prefab using Guid(dfa1ecf8276805540a0ebec529a3704b) Importer(815301076,1909f56bfc062723c751e8b465ee728b)  -> (artifact id: 'b0ff92d2153b24fedb6f04e5bdf3fdd3') in 0.101916 seconds
  Import took 0.105585 seconds .

========================================================================
Received Import Request.
  Time since last request: 0.000364 seconds.
  path: Assets/Prefabs/BarrelMid.prefab
  artifactKey: Guid(fa0b4911df55de243adb308e09a5f291) Importer(815301076,1909f56bfc062723c751e8b465ee728b)
Start importing Assets/Prefabs/BarrelMid.prefab using Guid(fa0b4911df55de243adb308e09a5f291) Importer(815301076,1909f56bfc062723c751e8b465ee728b)  -> (artifact id: '642f878e071ba60f429336e36896f392') in 0.012310 seconds
  Import took 0.015547 seconds .

========================================================================
Received Import Request.
  Time since last request: 0.000347 seconds.
  path: Assets/Prefabs/BarrelRedMid.prefab
  artifactKey: Guid(bee94730c8b767142b64a63dad0c0509) Importer(815301076,1909f56bfc062723c751e8b465ee728b)
Start importing Assets/Prefabs/BarrelRedMid.prefab using Guid(bee94730c8b767142b64a63dad0c0509) Importer(815301076,1909f56bfc062723c751e8b465ee728b)  -> (artifact id: '40e1a47cb3e0fd8993fa6492b9830ab0') in 0.013647 seconds
  Import took 0.018021 seconds .

========================================================================
Received Import Request.
  Time since last request: 0.099968 seconds.
  path: Assets/Prefabs/BarrelSmall.prefab
  artifactKey: Guid(f31f90d02f164124d908b74f07369742) Importer(815301076,1909f56bfc062723c751e8b465ee728b)
Start importing Assets/Prefabs/BarrelSmall.prefab using Guid(f31f90d02f164124d908b74f07369742) Importer(815301076,1909f56bfc062723c751e8b465ee728b)  -> (artifact id: '40f96f1c5d488bbc9ad6040627149097') in 0.013054 seconds
  Import took 0.016733 seconds .

========================================================================
Received Import Request.
  Time since last request: 1.499522 seconds.
  path: Assets/Prefabs/BarrelSmall.prefab
  artifactKey: Guid(f31f90d02f164124d908b74f07369742) Importer(815301076,1909f56bfc062723c751e8b465ee728b)
Start importing Assets/Prefabs/BarrelSmall.prefab using Guid(f31f90d02f164124d908b74f07369742) Importer(815301076,1909f56bfc062723c751e8b465ee728b)  -> (artifact id: 'fd7d28ab62914afeaea840858df61ff7') in 0.016349 seconds
  Import took 0.020510 seconds .

========================================================================
Received Prepare
Registering precompiled user dll's ...
Registered in 0.003013 seconds.
Begin MonoManager ReloadAssembly
Native extension for WindowsStandalone target not found
Native extension for WebGL target not found
Refreshing native plugins compatible for Editor in 0.52 ms, found 1 plugins.
Preloading 0 native plugins for Editor in 0.00 ms.
Invoked RoslynAnalysisRunner static constructor.
RoslynAnalysisRunner will not be running.
RoslynAnalysisRunner has terminated.
Mono: successfully reloaded assembly
- Completed reload, in  1.100 seconds
Platform modules already initialized, skipping
Refreshing native plugins compatible for Editor in 0.51 ms, found 1 plugins.
Preloading 0 native plugins for Editor in 0.00 ms.
Unloading 1815 Unused Serialized files (Serialized files now loaded: 0)
System memory in use before: 89.4 MB.
System memory in use after: 89.6 MB.

Unloading 9 unused Assets to reduce memory usage. Loaded Objects now: 2321.
Total: 2.249054 ms (FindLiveObjects: 0.181918 ms CreateObjectMapping: 0.072347 ms MarkObjects: 1.973476 ms  DeleteObjects: 0.020113 ms)

========================================================================
Received Prepare
Registering precompiled user dll's ...
Registered in 0.003464 seconds.
Begin MonoManager ReloadAssembly
Native extension for WindowsStandalone target not found
Native extension for WebGL target not found
Refreshing native plugins compatible for Editor in 0.52 ms, found 1 plugins.
Preloading 0 native plugins for Editor in 0.00 ms.
Invoked RoslynAnalysisRunner static constructor.
RoslynAnalysisRunner will not be running.
RoslynAnalysisRunner has terminated.
Mono: successfully reloaded assembly
- Completed reload, in  1.165 seconds
Platform modules already initialized, skipping
Refreshing native plugins compatible for Editor in 0.57 ms, found 1 plugins.
Preloading 0 native plugins for Editor in 0.00 ms.
Unloading 1815 Unused Serialized files (Serialized files now loaded: 0)
System memory in use before: 89.5 MB.
System memory in use after: 89.6 MB.

Unloading 9 unused Assets to reduce memory usage. Loaded Objects now: 2324.
Total: 2.113667 ms (FindLiveObjects: 0.180717 ms CreateObjectMapping: 0.071146 ms MarkObjects: 1.835087 ms  DeleteObjects: 0.025516 ms)

========================================================================
Received Prepare
Registering precompiled user dll's ...
Registered in 0.003042 seconds.
Begin MonoManager ReloadAssembly
Native extension for WindowsStandalone target not found
Native extension for WebGL target not found
Refreshing native plugins compatible for Editor in 0.50 ms, found 1 plugins.
Preloading 0 native plugins for Editor in 0.00 ms.
Invoked RoslynAnalysisRunner static constructor.
RoslynAnalysisRunner will not be running.
RoslynAnalysisRunner has terminated.
Mono: successfully reloaded assembly
- Completed reload, in  1.074 seconds
Platform modules already initialized, skipping
Refreshing native plugins compatible for Editor in 0.51 ms, found 1 plugins.
Preloading 0 native plugins for Editor in 0.00 ms.
Unloading 1815 Unused Serialized files (Serialized files now loaded: 0)
System memory in use before: 89.5 MB.
System memory in use after: 89.6 MB.

Unloading 9 unused Assets to reduce memory usage. Loaded Objects now: 2327.
Total: 2.245152 ms (FindLiveObjects: 0.298693 ms CreateObjectMapping: 0.091259 ms MarkObjects: 1.828782 ms  DeleteObjects: 0.024616 ms)

========================================================================
Received Prepare
Registering precompiled user dll's ...
Registered in 0.002978 seconds.
Begin MonoManager ReloadAssembly
Native extension for WindowsStandalone target not found
Native extension for WebGL target not found
Refreshing native plugins compatible for Editor in 0.51 ms, found 1 plugins.
Preloading 0 native plugins for Editor in 0.00 ms.
Invoked RoslynAnalysisRunner static constructor.
RoslynAnalysisRunner will not be running.
RoslynAnalysisRunner has terminated.
Mono: successfully reloaded assembly
- Completed reload, in  1.168 seconds
Platform modules already initialized, skipping
Refreshing native plugins compatible for Editor in 0.56 ms, found 1 plugins.
Preloading 0 native plugins for Editor in 0.00 ms.
Unloading 1815 Unused Serialized files (Serialized files now loaded: 0)
System memory in use before: 89.5 MB.
System memory in use after: 89.6 MB.

Unloading 9 unused Assets to reduce memory usage. Loaded Objects now: 2330.
Total: 2.177608 ms (FindLiveObjects: 0.186120 ms CreateObjectMapping: 0.068444 ms MarkObjects: 1.905332 ms  DeleteObjects: 0.016811 ms)

========================================================================
Received Import Request.
  Time since last request: 486.021535 seconds.
  path: Assets/Prefabs/Bullet_BarrelSmall.prefab
  artifactKey: Guid(28c18159c22da744b95f0bb069fe7e7c) Importer(815301076,1909f56bfc062723c751e8b465ee728b)
Start importing Assets/Prefabs/Bullet_BarrelSmall.prefab using Guid(28c18159c22da744b95f0bb069fe7e7c) Importer(815301076,1909f56bfc062723c751e8b465ee728b)  -> (artifact id: '62727e2c1505d62393b6667bcc978205') in 0.070159 seconds
  Import took 0.074074 seconds .

========================================================================
Received Import Request.
  Time since last request: 0.041341 seconds.
  path: Assets/Prefabs/Bullet_BarrelSmall.prefab
  artifactKey: Guid(28c18159c22da744b95f0bb069fe7e7c) Importer(815301076,1909f56bfc062723c751e8b465ee728b)
Start importing Assets/Prefabs/Bullet_BarrelSmall.prefab using Guid(28c18159c22da744b95f0bb069fe7e7c) Importer(815301076,1909f56bfc062723c751e8b465ee728b)  -> (artifact id: '62727e2c1505d62393b6667bcc978205') in 0.010733 seconds
  Import took 0.014335 seconds .

========================================================================
Received Prepare
Registering precompiled user dll's ...
Registered in 0.003997 seconds.
Begin MonoManager ReloadAssembly
Native extension for WindowsStandalone target not found
Native extension for WebGL target not found
Refreshing native plugins compatible for Editor in 0.50 ms, found 1 plugins.
Preloading 0 native plugins for Editor in 0.00 ms.
Invoked RoslynAnalysisRunner static constructor.
RoslynAnalysisRunner will not be running.
RoslynAnalysisRunner has terminated.
Mono: successfully reloaded assembly
- Completed reload, in  1.209 seconds
Platform modules already initialized, skipping
Refreshing native plugins compatible for Editor in 0.63 ms, found 1 plugins.
Preloading 0 native plugins for Editor in 0.00 ms.
Unloading 1815 Unused Serialized files (Serialized files now loaded: 0)
System memory in use before: 89.5 MB.
System memory in use after: 89.6 MB.

Unloading 9 unused Assets to reduce memory usage. Loaded Objects now: 2334.
Total: 2.598780 ms (FindLiveObjects: 0.236853 ms CreateObjectMapping: 0.074748 ms MarkObjects: 2.260762 ms  DeleteObjects: 0.024016 ms)

========================================================================
Received Prepare
Registering precompiled user dll's ...
Registered in 0.003066 seconds.
Begin MonoManager ReloadAssembly
Native extension for WindowsStandalone target not found
Native extension for WebGL target not found
Refreshing native plugins compatible for Editor in 0.52 ms, found 1 plugins.
Preloading 0 native plugins for Editor in 0.00 ms.
Invoked RoslynAnalysisRunner static constructor.
RoslynAnalysisRunner will not be running.
RoslynAnalysisRunner has terminated.
Mono: successfully reloaded assembly
- Completed reload, in  1.101 seconds
Platform modules already initialized, skipping
Refreshing native plugins compatible for Editor in 0.52 ms, found 1 plugins.
Preloading 0 native plugins for Editor in 0.00 ms.
Unloading 1815 Unused Serialized files (Serialized files now loaded: 0)
System memory in use before: 89.5 MB.
System memory in use after: 89.6 MB.

Unloading 9 unused Assets to reduce memory usage. Loaded Objects now: 2337.
Total: 2.155694 ms (FindLiveObjects: 0.209235 ms CreateObjectMapping: 0.071746 ms MarkObjects: 1.842591 ms  DeleteObjects: 0.031220 ms)

========================================================================
Received Prepare
Registering precompiled user dll's ...
Registered in 0.003009 seconds.
Begin MonoManager ReloadAssembly
Native extension for WindowsStandalone target not found
Native extension for WebGL target not found
Refreshing native plugins compatible for Editor in 0.52 ms, found 1 plugins.
Preloading 0 native plugins for Editor in 0.00 ms.
Invoked RoslynAnalysisRunner static constructor.
RoslynAnalysisRunner will not be running.
RoslynAnalysisRunner has terminated.
Mono: successfully reloaded assembly
- Completed reload, in  1.101 seconds
Platform modules already initialized, skipping
Refreshing native plugins compatible for Editor in 0.50 ms, found 1 plugins.
Preloading 0 native plugins for Editor in 0.00 ms.
Unloading 1815 Unused Serialized files (Serialized files now loaded: 0)
System memory in use before: 89.5 MB.
System memory in use after: 89.6 MB.

Unloading 9 unused Assets to reduce memory usage. Loaded Objects now: 2340.
Total: 2.288079 ms (FindLiveObjects: 0.189422 ms CreateObjectMapping: 0.069345 ms MarkObjects: 2.006798 ms  DeleteObjects: 0.021014 ms)

========================================================================
Received Prepare
Registering precompiled user dll's ...
Registered in 0.003007 seconds.
Begin MonoManager ReloadAssembly
Native extension for WindowsStandalone target not found
Native extension for WebGL target not found
Refreshing native plugins compatible for Editor in 0.51 ms, found 1 plugins.
Preloading 0 native plugins for Editor in 0.00 ms.
Invoked RoslynAnalysisRunner static constructor.
RoslynAnalysisRunner will not be running.
RoslynAnalysisRunner has terminated.
Mono: successfully reloaded assembly
- Completed reload, in  1.110 seconds
Platform modules already initialized, skipping
Refreshing native plugins compatible for Editor in 0.51 ms, found 1 plugins.
Preloading 0 native plugins for Editor in 0.00 ms.
Unloading 1815 Unused Serialized files (Serialized files now loaded: 0)
System memory in use before: 89.5 MB.
System memory in use after: 89.6 MB.

Unloading 9 unused Assets to reduce memory usage. Loaded Objects now: 2343.
Total: 2.325003 ms (FindLiveObjects: 0.231149 ms CreateObjectMapping: 0.067544 ms MarkObjects: 1.998392 ms  DeleteObjects: 0.018912 ms)

========================================================================
Received Prepare
Registering precompiled user dll's ...
Registered in 0.003048 seconds.
Begin MonoManager ReloadAssembly
Native extension for WindowsStandalone target not found
Native extension for WebGL target not found
Refreshing native plugins compatible for Editor in 0.50 ms, found 1 plugins.
Preloading 0 native plugins for Editor in 0.00 ms.
Invoked RoslynAnalysisRunner static constructor.
RoslynAnalysisRunner will not be running.
RoslynAnalysisRunner has terminated.
Mono: successfully reloaded assembly
- Completed reload, in  1.077 seconds
Platform modules already initialized, skipping
Refreshing native plugins compatible for Editor in 0.59 ms, found 1 plugins.
Preloading 0 native plugins for Editor in 0.00 ms.
Unloading 1815 Unused Serialized files (Serialized files now loaded: 0)
System memory in use before: 89.5 MB.
System memory in use after: 89.6 MB.

Unloading 9 unused Assets to reduce memory usage. Loaded Objects now: 2346.
Total: 2.268567 ms (FindLiveObjects: 0.205033 ms CreateObjectMapping: 0.071746 ms MarkObjects: 1.962369 ms  DeleteObjects: 0.027918 ms)

========================================================================
Received Prepare
Registering precompiled user dll's ...
Registered in 0.002935 seconds.
Begin MonoManager ReloadAssembly
Native extension for WindowsStandalone target not found
Native extension for WebGL target not found
Refreshing native plugins compatible for Editor in 0.52 ms, found 1 plugins.
Preloading 0 native plugins for Editor in 0.00 ms.
Invoked RoslynAnalysisRunner static constructor.
RoslynAnalysisRunner will not be running.
RoslynAnalysisRunner has terminated.
Mono: successfully reloaded assembly
- Completed reload, in  1.115 seconds
Platform modules already initialized, skipping
Refreshing native plugins compatible for Editor in 0.53 ms, found 1 plugins.
Preloading 0 native plugins for Editor in 0.00 ms.
Unloading 1815 Unused Serialized files (Serialized files now loaded: 0)
System memory in use before: 89.5 MB.
System memory in use after: 89.6 MB.

Unloading 9 unused Assets to reduce memory usage. Loaded Objects now: 2349.
Total: 2.040119 ms (FindLiveObjects: 0.184319 ms CreateObjectMapping: 0.068444 ms MarkObjects: 1.769644 ms  DeleteObjects: 0.016811 ms)

========================================================================
Received Prepare
Registering precompiled user dll's ...
Registered in 0.003056 seconds.
Begin MonoManager ReloadAssembly
Native extension for WindowsStandalone target not found
Native extension for WebGL target not found
Refreshing native plugins compatible for Editor in 0.59 ms, found 1 plugins.
Preloading 0 native plugins for Editor in 0.00 ms.
Invoked RoslynAnalysisRunner static constructor.
RoslynAnalysisRunner will not be running.
RoslynAnalysisRunner has terminated.
Mono: successfully reloaded assembly
- Completed reload, in  1.124 seconds
Platform modules already initialized, skipping
Refreshing native plugins compatible for Editor in 0.51 ms, found 1 plugins.
Preloading 0 native plugins for Editor in 0.00 ms.
Unloading 1815 Unused Serialized files (Serialized files now loaded: 0)
System memory in use before: 89.5 MB.
System memory in use after: 89.6 MB.

Unloading 9 unused Assets to reduce memory usage. Loaded Objects now: 2352.
Total: 2.104060 ms (FindLiveObjects: 0.190623 ms CreateObjectMapping: 0.068144 ms MarkObjects: 1.818576 ms  DeleteObjects: 0.025516 ms)

========================================================================
Received Prepare
Registering precompiled user dll's ...
Registered in 0.003056 seconds.
Begin MonoManager ReloadAssembly
Native extension for WindowsStandalone target not found
Native extension for WebGL target not found
Refreshing native plugins compatible for Editor in 0.52 ms, found 1 plugins.
Preloading 0 native plugins for Editor in 0.00 ms.
Invoked RoslynAnalysisRunner static constructor.
RoslynAnalysisRunner will not be running.
RoslynAnalysisRunner has terminated.
Mono: successfully reloaded assembly
- Completed reload, in  1.135 seconds
Platform modules already initialized, skipping
Refreshing native plugins compatible for Editor in 0.51 ms, found 1 plugins.
Preloading 0 native plugins for Editor in 0.00 ms.
Unloading 1815 Unused Serialized files (Serialized files now loaded: 0)
System memory in use before: 89.5 MB.
System memory in use after: 89.7 MB.

Unloading 9 unused Assets to reduce memory usage. Loaded Objects now: 2355.
Total: 2.118170 ms (FindLiveObjects: 0.187922 ms CreateObjectMapping: 0.069345 ms MarkObjects: 1.834186 ms  DeleteObjects: 0.025216 ms)

========================================================================
Received Import Request.
  Time since last request: 1323.441442 seconds.
  path: Assets/Prefabs/Weapon 1.prefab
  artifactKey: Guid(11d3c15471a91854aa1075b28a6e83b9) Importer(815301076,1909f56bfc062723c751e8b465ee728b)
Start importing Assets/Prefabs/Weapon 1.prefab using Guid(11d3c15471a91854aa1075b28a6e83b9) Importer(815301076,1909f56bfc062723c751e8b465ee728b)  -> (artifact id: 'ac4b2b901bd2b007dbf1f135ada56c78') in 0.118095 seconds
  Import took 0.121925 seconds .

========================================================================
Received Prepare
Registering precompiled user dll's ...
Registered in 0.003031 seconds.
Begin MonoManager ReloadAssembly
Native extension for WindowsStandalone target not found
Native extension for WebGL target not found
Refreshing native plugins compatible for Editor in 0.50 ms, found 1 plugins.
Preloading 0 native plugins for Editor in 0.00 ms.
Invoked RoslynAnalysisRunner static constructor.
RoslynAnalysisRunner will not be running.
RoslynAnalysisRunner has terminated.
Mono: successfully reloaded assembly
- Completed reload, in  1.103 seconds
Platform modules already initialized, skipping
Refreshing native plugins compatible for Editor in 0.55 ms, found 1 plugins.
Preloading 0 native plugins for Editor in 0.00 ms.
Unloading 1815 Unused Serialized files (Serialized files now loaded: 0)
System memory in use before: 89.5 MB.
System memory in use after: 89.7 MB.

Unloading 9 unused Assets to reduce memory usage. Loaded Objects now: 2358.
Total: 2.095055 ms (FindLiveObjects: 0.184319 ms CreateObjectMapping: 0.068744 ms MarkObjects: 1.816174 ms  DeleteObjects: 0.025216 ms)

========================================================================
Received Import Request.
  Time since last request: 223.880991 seconds.
  path: Assets/Prefabs/WeaponAtPlayer.prefab
  artifactKey: Guid(11d3c15471a91854aa1075b28a6e83b9) Importer(815301076,1909f56bfc062723c751e8b465ee728b)
Start importing Assets/Prefabs/WeaponAtPlayer.prefab using Guid(11d3c15471a91854aa1075b28a6e83b9) Importer(815301076,1909f56bfc062723c751e8b465ee728b)  -> (artifact id: '8996c89cb3ba34f6afde44a7da3f77d4') in 0.121294 seconds
  Import took 0.125070 seconds .

========================================================================
Received Import Request.
  Time since last request: 1.621592 seconds.
  path: Assets/Scripts/Shop/WeaponView.cs
  artifactKey: Guid(e88a5b23b10f5c94a8b537d6174afaec) Importer(815301076,1909f56bfc062723c751e8b465ee728b)
Start importing Assets/Scripts/Shop/WeaponView.cs using Guid(e88a5b23b10f5c94a8b537d6174afaec) Importer(815301076,1909f56bfc062723c751e8b465ee728b)  -> (artifact id: 'ea80194b48708dcbdc8d3164ce03765b') in 0.003696 seconds
  Import took 0.007922 seconds .

========================================================================
Received Import Request.
  Time since last request: 0.007754 seconds.
  path: Assets/Scripts/Shop/WeaponView.cs
  artifactKey: Guid(e88a5b23b10f5c94a8b537d6174afaec) Importer(815301076,1909f56bfc062723c751e8b465ee728b)
Start importing Assets/Scripts/Shop/WeaponView.cs using Guid(e88a5b23b10f5c94a8b537d6174afaec) Importer(815301076,1909f56bfc062723c751e8b465ee728b)  -> (artifact id: 'ea80194b48708dcbdc8d3164ce03765b') in 0.003629 seconds
  Import took 0.007801 seconds .

========================================================================
Received Import Request.
  Time since last request: 14.249025 seconds.
  path: Assets/Scripts/Shop/WaeponViewAtPlayer.cs
  artifactKey: Guid(f4174e082f7c8c6479ceaec65b40969c) Importer(815301076,1909f56bfc062723c751e8b465ee728b)
Start importing Assets/Scripts/Shop/WaeponViewAtPlayer.cs using Guid(f4174e082f7c8c6479ceaec65b40969c) Importer(815301076,1909f56bfc062723c751e8b465ee728b)  -> (artifact id: '12f37e7762ab9b27ae5ce1ff02ea4b6f') in 0.004903 seconds
  Import took 0.011814 seconds .

========================================================================
Received Prepare
Registering precompiled user dll's ...
Registered in 0.003794 seconds.
Begin MonoManager ReloadAssembly
Native extension for WindowsStandalone target not found
Native extension for WebGL target not found
Refreshing native plugins compatible for Editor in 0.52 ms, found 1 plugins.
Preloading 0 native plugins for Editor in 0.00 ms.
Invoked RoslynAnalysisRunner static constructor.
RoslynAnalysisRunner will not be running.
RoslynAnalysisRunner has terminated.
Mono: successfully reloaded assembly
- Completed reload, in  1.338 seconds
Platform modules already initialized, skipping
Refreshing native plugins compatible for Editor in 0.51 ms, found 1 plugins.
Preloading 0 native plugins for Editor in 0.00 ms.
Unloading 1816 Unused Serialized files (Serialized files now loaded: 0)
System memory in use before: 89.6 MB.
System memory in use after: 89.7 MB.

Unloading 9 unused Assets to reduce memory usage. Loaded Objects now: 2362.
Total: 2.187815 ms (FindLiveObjects: 0.229348 ms CreateObjectMapping: 0.081653 ms MarkObjects: 1.857001 ms  DeleteObjects: 0.018012 ms)

========================================================================
Received Prepare
Registering precompiled user dll's ...
Registered in 0.003099 seconds.
Begin MonoManager ReloadAssembly
Native extension for WindowsStandalone target not found
Native extension for WebGL target not found
Refreshing native plugins compatible for Editor in 0.50 ms, found 1 plugins.
Preloading 0 native plugins for Editor in 0.00 ms.
Invoked RoslynAnalysisRunner static constructor.
RoslynAnalysisRunner will not be running.
RoslynAnalysisRunner has terminated.
Mono: successfully reloaded assembly
- Completed reload, in  1.117 seconds
Platform modules already initialized, skipping
Refreshing native plugins compatible for Editor in 0.51 ms, found 1 plugins.
Preloading 0 native plugins for Editor in 0.00 ms.
Unloading 1816 Unused Serialized files (Serialized files now loaded: 0)
System memory in use before: 89.6 MB.
System memory in use after: 89.7 MB.

Unloading 9 unused Assets to reduce memory usage. Loaded Objects now: 2365.
Total: 2.149390 ms (FindLiveObjects: 0.230849 ms CreateObjectMapping: 0.069045 ms MarkObjects: 1.823079 ms  DeleteObjects: 0.024916 ms)

========================================================================
Received Import Request.
  Time since last request: 206.050003 seconds.
  path: Assets/Scripts/Shop/WeaponViewAtPlayer.cs
  artifactKey: Guid(f4174e082f7c8c6479ceaec65b40969c) Importer(815301076,1909f56bfc062723c751e8b465ee728b)
Start importing Assets/Scripts/Shop/WeaponViewAtPlayer.cs using Guid(f4174e082f7c8c6479ceaec65b40969c) Importer(815301076,1909f56bfc062723c751e8b465ee728b)  -> (artifact id: '068222f297663f60563855e9a63fb826') in 0.009587 seconds
  Import took 0.013492 seconds .

========================================================================
Received Import Request.
  Time since last request: 0.041010 seconds.
  path: Assets/Scripts/Bullet
  artifactKey: Guid(0e643d17e3a48e540bf47c92b1d71788) Importer(815301076,1909f56bfc062723c751e8b465ee728b)
Start importing Assets/Scripts/Bullet using Guid(0e643d17e3a48e540bf47c92b1d71788) Importer(815301076,1909f56bfc062723c751e8b465ee728b)  -> (artifact id: 'a027584c38784a4e937bfb7079b90d3b') in 0.003655 seconds
  Import took 0.007574 seconds .

========================================================================
Received Prepare
Registering precompiled user dll's ...
Registered in 0.003726 seconds.
Begin MonoManager ReloadAssembly
Native extension for WindowsStandalone target not found
Native extension for WebGL target not found
Refreshing native plugins compatible for Editor in 0.52 ms, found 1 plugins.
Preloading 0 native plugins for Editor in 0.00 ms.
Invoked RoslynAnalysisRunner static constructor.
RoslynAnalysisRunner will not be running.
RoslynAnalysisRunner has terminated.
Mono: successfully reloaded assembly
- Completed reload, in  1.110 seconds
Platform modules already initialized, skipping
Refreshing native plugins compatible for Editor in 0.51 ms, found 1 plugins.
Preloading 0 native plugins for Editor in 0.00 ms.
Unloading 1816 Unused Serialized files (Serialized files now loaded: 0)
System memory in use before: 89.6 MB.
System memory in use after: 89.7 MB.

Unloading 9 unused Assets to reduce memory usage. Loaded Objects now: 2368.
Total: 2.214232 ms (FindLiveObjects: 0.185820 ms CreateObjectMapping: 0.068444 ms MarkObjects: 1.939554 ms  DeleteObjects: 0.018912 ms)

========================================================================
Received Prepare
Registering precompiled user dll's ...
Registered in 0.003058 seconds.
Begin MonoManager ReloadAssembly
Native extension for WindowsStandalone target not found
Native extension for WebGL target not found
Refreshing native plugins compatible for Editor in 0.54 ms, found 1 plugins.
Preloading 0 native plugins for Editor in 0.00 ms.
Invoked RoslynAnalysisRunner static constructor.
RoslynAnalysisRunner will not be running.
RoslynAnalysisRunner has terminated.
Mono: successfully reloaded assembly
- Completed reload, in  1.108 seconds
Platform modules already initialized, skipping
Refreshing native plugins compatible for Editor in 0.51 ms, found 1 plugins.
Preloading 0 native plugins for Editor in 0.00 ms.
Unloading 1816 Unused Serialized files (Serialized files now loaded: 0)
System memory in use before: 89.6 MB.
System memory in use after: 89.7 MB.

Unloading 9 unused Assets to reduce memory usage. Loaded Objects now: 2371.
Total: 2.104961 ms (FindLiveObjects: 0.200530 ms CreateObjectMapping: 0.072647 ms MarkObjects: 1.804467 ms  DeleteObjects: 0.026417 ms)

========================================================================
Received Import Request.
  Time since last request: 563.104376 seconds.
  path: Assets/Prefabs/WeaponAtPlayer.prefab
  artifactKey: Guid(11d3c15471a91854aa1075b28a6e83b9) Importer(815301076,1909f56bfc062723c751e8b465ee728b)
Start importing Assets/Prefabs/WeaponAtPlayer.prefab using Guid(11d3c15471a91854aa1075b28a6e83b9) Importer(815301076,1909f56bfc062723c751e8b465ee728b)  -> (artifact id: 'ffefbd3c327152a4571f3d04645f1ca7') in 0.121207 seconds
  Import took 0.125723 seconds .

========================================================================
Received Import Request.
  Time since last request: 26.606627 seconds.
  path: Assets/Prefabs/WeaponAtPlayer.prefab
  artifactKey: Guid(11d3c15471a91854aa1075b28a6e83b9) Importer(815301076,1909f56bfc062723c751e8b465ee728b)
Start importing Assets/Prefabs/WeaponAtPlayer.prefab using Guid(11d3c15471a91854aa1075b28a6e83b9) Importer(815301076,1909f56bfc062723c751e8b465ee728b)  -> (artifact id: '6f11d0912934a7f7a7f25b9110555ecf') in 0.048706 seconds
  Import took 0.054593 seconds .

========================================================================
Received Prepare
Registering precompiled user dll's ...
Registered in 0.002950 seconds.
Begin MonoManager ReloadAssembly
Native extension for WindowsStandalone target not found
Native extension for WebGL target not found
Refreshing native plugins compatible for Editor in 0.56 ms, found 1 plugins.
Preloading 0 native plugins for Editor in 0.00 ms.
Invoked RoslynAnalysisRunner static constructor.
RoslynAnalysisRunner will not be running.
RoslynAnalysisRunner has terminated.
Mono: successfully reloaded assembly
- Completed reload, in  1.101 seconds
Platform modules already initialized, skipping
Refreshing native plugins compatible for Editor in 0.50 ms, found 1 plugins.
Preloading 0 native plugins for Editor in 0.00 ms.
Unloading 1816 Unused Serialized files (Serialized files now loaded: 0)
System memory in use before: 89.6 MB.
System memory in use after: 89.7 MB.

Unloading 9 unused Assets to reduce memory usage. Loaded Objects now: 2374.
Total: 2.214232 ms (FindLiveObjects: 0.240155 ms CreateObjectMapping: 0.069045 ms MarkObjects: 1.884318 ms  DeleteObjects: 0.018612 ms)

========================================================================
Received Prepare
Registering precompiled user dll's ...
Registered in 0.002982 seconds.
Begin MonoManager ReloadAssembly
Native extension for WindowsStandalone target not found
Native extension for WebGL target not found
Refreshing native plugins compatible for Editor in 0.54 ms, found 1 plugins.
Preloading 0 native plugins for Editor in 0.00 ms.
Invoked RoslynAnalysisRunner static constructor.
RoslynAnalysisRunner will not be running.
RoslynAnalysisRunner has terminated.
Mono: successfully reloaded assembly
- Completed reload, in  1.116 seconds
Platform modules already initialized, skipping
Refreshing native plugins compatible for Editor in 0.68 ms, found 1 plugins.
Preloading 0 native plugins for Editor in 0.00 ms.
Unloading 1816 Unused Serialized files (Serialized files now loaded: 0)
System memory in use before: 89.6 MB.
System memory in use after: 89.7 MB.

Unloading 9 unused Assets to reduce memory usage. Loaded Objects now: 2377.
Total: 2.263764 ms (FindLiveObjects: 0.189723 ms CreateObjectMapping: 0.074748 ms MarkObjects: 1.971375 ms  DeleteObjects: 0.026417 ms)

========================================================================
Received Import Request.
  Time since last request: 138.182198 seconds.
  path: Assets/Prefabs/BarrelRedSmall.prefab
  artifactKey: Guid(dfa1ecf8276805540a0ebec529a3704b) Importer(815301076,1909f56bfc062723c751e8b465ee728b)
Start importing Assets/Prefabs/BarrelRedSmall.prefab using Guid(dfa1ecf8276805540a0ebec529a3704b) Importer(815301076,1909f56bfc062723c751e8b465ee728b)  -> (artifact id: '97df7c04c16327402fb9e273c3cc0450') in 0.077971 seconds
  Import took 0.081865 seconds .

========================================================================
Received Import Request.
  Time since last request: 0.000331 seconds.
  path: Assets/Prefabs/BarrelRedMid.prefab
  artifactKey: Guid(bee94730c8b767142b64a63dad0c0509) Importer(815301076,1909f56bfc062723c751e8b465ee728b)
Start importing Assets/Prefabs/BarrelRedMid.prefab using Guid(bee94730c8b767142b64a63dad0c0509) Importer(815301076,1909f56bfc062723c751e8b465ee728b)  -> (artifact id: '936ae98c8f9329c18f1c9800ec5a327f') in 0.012138 seconds
  Import took 0.015652 seconds .

========================================================================
Received Prepare
Registering precompiled user dll's ...
Registered in 0.002965 seconds.
Begin MonoManager ReloadAssembly
Native extension for WindowsStandalone target not found
Native extension for WebGL target not found
Refreshing native plugins compatible for Editor in 0.52 ms, found 1 plugins.
Preloading 0 native plugins for Editor in 0.00 ms.
Invoked RoslynAnalysisRunner static constructor.
RoslynAnalysisRunner will not be running.
RoslynAnalysisRunner has terminated.
Mono: successfully reloaded assembly
- Completed reload, in  1.076 seconds
Platform modules already initialized, skipping
Refreshing native plugins compatible for Editor in 0.51 ms, found 1 plugins.
Preloading 0 native plugins for Editor in 0.00 ms.
Unloading 1816 Unused Serialized files (Serialized files now loaded: 0)
System memory in use before: 89.6 MB.
System memory in use after: 89.7 MB.

Unloading 9 unused Assets to reduce memory usage. Loaded Objects now: 2381.
Total: 2.317799 ms (FindLiveObjects: 0.297793 ms CreateObjectMapping: 0.090358 ms MarkObjects: 1.902930 ms  DeleteObjects: 0.025516 ms)

